<?xml version="1.0" encoding="UTF-8"?>
<!-- Generated by org.testng.reporters.JUnitXMLReporter -->
<testsuite ignored="6" hostname="LAPTOP-G2J21VAG" failures="0" tests="5" name="Test" time="7.849" errors="0" timestamp="2025-06-18T18:40:39 IST">
  <testcase classname="config.AppUtil" name="@BeforeTest setup" time="7.662">
    <failure type="org.openqa.selenium.NoSuchElementException" message="Unable to find element with locator By.id: ap_email_login
For documentation on this error, please visit: https://www.selenium.dev/documentation/webdriver/troubleshooting/errors#no-such-element-exception
Build info: version: &amp;apos;4.24.0&amp;apos;, revision: &amp;apos;748ffc9bc3&amp;apos;
System info: os.name: &amp;apos;Windows 11&amp;apos;, os.arch: &amp;apos;amd64&amp;apos;, os.version: &amp;apos;10.0&amp;apos;, java.version: &amp;apos;17.0.15&amp;apos;
Driver info: driver.version: RemoteWebDriver">
      <![CDATA[org.openqa.selenium.NoSuchElementException: Unable to find element with locator By.id: ap_email_login
For documentation on this error, please visit: https://www.selenium.dev/documentation/webdriver/troubleshooting/errors#no-such-element-exception
Build info: version: '4.24.0', revision: '748ffc9bc3'
System info: os.name: 'Windows 11', os.arch: 'amd64', os.version: '10.0', java.version: '17.0.15'
Driver info: driver.version: RemoteWebDriver
at org.openqa.selenium.remote.ElementLocation$ElementFinder$2.findElement(ElementLocation.java:168)
at org.openqa.selenium.remote.ElementLocation.findElement(ElementLocation.java:66)
at org.openqa.selenium.remote.RemoteWebDriver.findElement(RemoteWebDriver.java:368)
at org.openqa.selenium.remote.RemoteWebDriver.findElement(RemoteWebDriver.java:362)
at org.openqa.selenium.support.pagefactory.DefaultElementLocator.findElement(DefaultElementLocator.java:68)
at org.openqa.selenium.support.pagefactory.internal.LocatingElementHandler.invoke(LocatingElementHandler.java:38)
at jdk.proxy2/jdk.proxy2.$Proxy13.sendKeys(Unknown Source)
at commonFunctions.Loginpage.loginp(Loginpage.java:30)
at config.AppUtil.setup(AppUtil.java:52)
... Removed 24 stack frames]]>
    </failure>
  </testcase> <!-- @BeforeTest setup -->
  <testcase classname="config.AppUtil" name="@BeforeClass Search" time="0.0">
    <skipped/>
  </testcase> <!-- @BeforeClass Search -->
  <testcase classname="config.AppUtil" name="@BeforeClass Search" time="0.0">
    <skipped/>
  </testcase> <!-- @BeforeClass Search -->
  <testcase classname="config.AppUtil" name="@BeforeClass Search" time="0.0">
    <skipped/>
  </testcase> <!-- @BeforeClass Search -->
  <testcase classname="config.AppUtil" name="@BeforeClass Search" time="0.0">
    <skipped/>
  </testcase> <!-- @BeforeClass Search -->
  <testcase classname="config.AppUtil" name="@AfterTest teardown" time="0.0">
    <skipped/>
  </testcase> <!-- @AfterTest teardown -->
  <testcase classname="testRunner.Runner" name="kickStart" time="0.013"/>
  <testcase classname="commonFunctions.SearchProduct" name="searchProduct" time="0.0">
    <skipped/>
  </testcase> <!-- searchProduct -->
  <testcase classname="commonFunctions.BrandFilter" name="brandFilter" time="0.0">
    <skipped/>
  </testcase> <!-- brandFilter -->
  <testcase classname="commonFunctions.RatingFilter" name="ratingFilter" time="0.0">
    <skipped/>
  </testcase> <!-- ratingFilter -->
  <testcase classname="commonFunctions.PriceFilter" name="priceFilter" time="0.0">
    <skipped/>
  </testcase> <!-- priceFilter -->
  <testcase classname="config.AppUtil" name="@AfterTest teardown" time="0.0">
    <ignored/>
  </testcase> <!-- @AfterTest teardown -->
  <testcase classname="config.AppUtil" name="@BeforeTest setup" time="0.0">
    <ignored/>
  </testcase> <!-- @BeforeTest setup -->
  <testcase classname="config.AppUtil" name="@AfterTest teardown" time="0.0">
    <ignored/>
  </testcase> <!-- @AfterTest teardown -->
  <testcase classname="config.AppUtil" name="@BeforeTest setup" time="0.0">
    <ignored/>
  </testcase> <!-- @BeforeTest setup -->
  <testcase classname="config.AppUtil" name="@AfterTest teardown" time="0.0">
    <ignored/>
  </testcase> <!-- @AfterTest teardown -->
  <testcase classname="config.AppUtil" name="@BeforeTest setup" time="0.0">
    <ignored/>
  </testcase> <!-- @BeforeTest setup -->
</testsuite> <!-- Test -->
